<?xml version="1.0" encoding="UTF-8"?>
<!-- Generated by org.testng.reporters.JUnitXMLReporter -->
<testsuite ignored="0" hostname="DESKTOP-829SJ9A" failures="0" tests="2" name="BankingApp Test" time="93.938" errors="0" timestamp="2021-02-04T12:17:38 IST">
  <testcase classname="com.inetbankingappV1.TestCases.TC_loginTest_001" name="loginTest" time="11.6"/>
  <testcase classname="com.inetbankingappV1.TestCases.TC_AddCustomerTest_003" name="addNewCustomer" time="21.747"/>
</testsuite> <!-- BankingApp Test -->
