<?xml version="1.0" encoding="UTF-8"?>
<testng-results ignored="0" total="2" passed="2" failed="0" skipped="0">
  <reporter-output>
  </reporter-output>
  <suite started-at="2021-02-04T12:16:04 IST" name="inetbankingappV1" finished-at="2021-02-04T12:17:38 IST" duration-ms="93938">
    <groups>
    </groups>
    <test started-at="2021-02-04T12:16:04 IST" name="BankingApp Test" finished-at="2021-02-04T12:17:38 IST" duration-ms="93938">
      <class name="com.inetbankingappV1.TestCases.TC_AddCustomerTest_003">
        <test-method is-config="true" signature="setUp(java.lang.String)[pri:0, instance:com.inetbankingappV1.TestCases.TC_AddCustomerTest_003@2f490758]" started-at="2021-02-04T12:17:05 IST" name="setUp" finished-at="2021-02-04T12:17:15 IST" duration-ms="10055" status="PASS">
          <params>
            <param index="0">
              <value>
                <![CDATA[chrome]]>
              </value>
            </param>
          </params>
          <reporter-output>
          </reporter-output>
        </test-method> <!-- setUp -->
        <test-method signature="addNewCustomer()[pri:0, instance:com.inetbankingappV1.TestCases.TC_AddCustomerTest_003@2f490758]" started-at="2021-02-04T12:17:15 IST" name="addNewCustomer" finished-at="2021-02-04T12:17:36 IST" duration-ms="21747" status="PASS">
          <reporter-output>
          </reporter-output>
        </test-method> <!-- addNewCustomer -->
        <test-method is-config="true" signature="tearDown()[pri:0, instance:com.inetbankingappV1.TestCases.TC_AddCustomerTest_003@2f490758]" started-at="2021-02-04T12:17:36 IST" name="tearDown" finished-at="2021-02-04T12:17:38 IST" duration-ms="1260" status="PASS">
          <reporter-output>
          </reporter-output>
        </test-method> <!-- tearDown -->
      </class> <!-- com.inetbankingappV1.TestCases.TC_AddCustomerTest_003 -->
      <class name="com.inetbankingappV1.TestCases.TC_loginTest_001">
        <test-method is-config="true" signature="setUp(java.lang.String)[pri:0, instance:com.inetbankingappV1.TestCases.TC_loginTest_001@1188e820]" started-at="2021-02-04T12:16:04 IST" name="setUp" finished-at="2021-02-04T12:16:51 IST" duration-ms="46483" status="PASS">
          <params>
            <param index="0">
              <value>
                <![CDATA[chrome]]>
              </value>
            </param>
          </params>
          <reporter-output>
          </reporter-output>
        </test-method> <!-- setUp -->
        <test-method signature="loginTest()[pri:0, instance:com.inetbankingappV1.TestCases.TC_loginTest_001@1188e820]" started-at="2021-02-04T12:16:51 IST" name="loginTest" finished-at="2021-02-04T12:17:03 IST" duration-ms="11600" status="PASS">
          <reporter-output>
          </reporter-output>
        </test-method> <!-- loginTest -->
        <test-method is-config="true" signature="tearDown()[pri:0, instance:com.inetbankingappV1.TestCases.TC_loginTest_001@1188e820]" started-at="2021-02-04T12:17:03 IST" name="tearDown" finished-at="2021-02-04T12:17:05 IST" duration-ms="1657" status="PASS">
          <reporter-output>
          </reporter-output>
        </test-method> <!-- tearDown -->
      </class> <!-- com.inetbankingappV1.TestCases.TC_loginTest_001 -->
    </test> <!-- BankingApp Test -->
  </suite> <!-- inetbankingappV1 -->
</testng-results>
